<?xml version="1.0" encoding="UTF-8"?>
<!-- Generated by org.testng.reporters.JUnitXMLReporter -->
<testsuite hostname="venkateshs-MacBook-Pro-2.local" name="FactorialTest" tests="3" failures="3" timestamp="20 Oct 2016 04:15:32 GMT" time="0.11" errors="0">
  <testcase name="method1" time="0.029" classname="com.test.ReverseStringTest">
    <failure type="java.lang.Error" message="Unresolved compilation problem: 
	The method revStr(String) is undefined for the type ReverseString
">
      <![CDATA[java.lang.Error: Unresolved compilation problem: 
	The method revStr(String) is undefined for the type ReverseString

	at com.test.ReverseStringTest.method1(ReverseStringTest.java:13)
... Removed 25 stack frames]]>
    </failure>
  </testcase> <!-- method1 -->
  <testcase name="method2" time="0.002" classname="com.test.ReverseStringTest">
    <failure type="java.lang.Error" message="Unresolved compilation problem: 
	The method revStr(String) is undefined for the type ReverseString
">
      <![CDATA[java.lang.Error: Unresolved compilation problem: 
	The method revStr(String) is undefined for the type ReverseString

	at com.test.ReverseStringTest.method2(ReverseStringTest.java:23)
... Removed 25 stack frames]]>
    </failure>
  </testcase> <!-- method2 -->
  <testcase name="method3" time="0.002" classname="com.test.ReverseStringTest">
    <failure type="java.lang.Error" message="Unresolved compilation problem: 
	The method revStr(String) is undefined for the type ReverseString
">
      <![CDATA[java.lang.Error: Unresolved compilation problem: 
	The method revStr(String) is undefined for the type ReverseString

	at com.test.ReverseStringTest.method3(ReverseStringTest.java:33)
... Removed 25 stack frames]]>
    </failure>
  </testcase> <!-- method3 -->
</testsuite> <!-- FactorialTest -->
