<?xml version="1.0" encoding="UTF-8"?>
<!-- Generated by org.testng.reporters.JUnitXMLReporter -->
<testsuite hostname="venkateshs-MacBook-Pro-2.local" name="TestNGTestCases" tests="3" failures="3" timestamp="20 Oct 2016 16:35:16 GMT" time="9.584" errors="0">
  <testcase name="method1" time="0.013" classname="com.test.ReverseStringTest">
    <failure type="java.lang.AssertionError" message="expected:&amp;lt;uhsna&amp;gt; but was:&amp;lt;3&amp;gt;">
      <![CDATA[java.lang.AssertionError: expected:<uhsna> but was:<3>
	at com.test.ReverseStringTest.method1(ReverseStringTest.java:27)
... Removed 27 stack frames]]>
    </failure>
  </testcase> <!-- method1 -->
  <testcase name="method2" time="0.003" classname="com.test.ReverseStringTest">
    <failure type="java.lang.AssertionError" message="expected:&amp;lt;ba&amp;gt; but was:&amp;lt;4&amp;gt;">
      <![CDATA[java.lang.AssertionError: expected:<ba> but was:<4>
	at com.test.ReverseStringTest.method2(ReverseStringTest.java:37)
... Removed 27 stack frames]]>
    </failure>
  </testcase> <!-- method2 -->
  <testcase name="method3" time="0.002" classname="com.test.ReverseStringTest">
    <failure type="java.lang.AssertionError" message="expected:&amp;lt;bass&amp;gt; but was:&amp;lt;4&amp;gt;">
      <![CDATA[java.lang.AssertionError: expected:<bass> but was:<4>
	at com.test.ReverseStringTest.method3(ReverseStringTest.java:47)
... Removed 27 stack frames]]>
    </failure>
  </testcase> <!-- method3 -->
</testsuite> <!-- TestNGTestCases -->
