<?xml version="1.0" encoding="UTF-8"?>
<testng-results skipped="0" failed="1" total="4" passed="3">
  <reporter-output>
  </reporter-output>
  <suite name="Default suite" duration-ms="21203" started-at="2016-10-20T16:38:39Z" finished-at="2016-10-20T16:39:00Z">
    <groups>
    </groups>
    <test name="Default test" duration-ms="21203" started-at="2016-10-20T16:38:39Z" finished-at="2016-10-20T16:39:00Z">
      <class name="com.test.ReverseStringTest">
        <test-method status="PASS" signature="getInt()[pri:0, instance:com.test.ReverseStringTest@48eff760]" name="getInt" is-config="true" duration-ms="4026" started-at="2016-10-20T09:38:39Z" finished-at="2016-10-20T09:38:43Z">
          <reporter-output>
          </reporter-output>
        </test-method> <!-- getInt -->
        <test-method status="PASS" signature="method1()[pri:0, instance:com.test.ReverseStringTest@48eff760]" name="method1" duration-ms="14" started-at="2016-10-20T09:38:43Z" finished-at="2016-10-20T09:38:43Z">
          <reporter-output>
          </reporter-output>
        </test-method> <!-- method1 -->
        <test-method status="PASS" signature="clearInt()[pri:0, instance:com.test.ReverseStringTest@48eff760]" name="clearInt" is-config="true" duration-ms="0" started-at="2016-10-20T09:38:43Z" finished-at="2016-10-20T09:38:43Z">
          <reporter-output>
          </reporter-output>
        </test-method> <!-- clearInt -->
        <test-method status="PASS" signature="getInt()[pri:0, instance:com.test.ReverseStringTest@48eff760]" name="getInt" is-config="true" duration-ms="1645" started-at="2016-10-20T09:38:43Z" finished-at="2016-10-20T09:38:45Z">
          <reporter-output>
          </reporter-output>
        </test-method> <!-- getInt -->
        <test-method status="PASS" signature="method2()[pri:0, instance:com.test.ReverseStringTest@48eff760]" name="method2" duration-ms="2" started-at="2016-10-20T09:38:45Z" finished-at="2016-10-20T09:38:45Z">
          <reporter-output>
          </reporter-output>
        </test-method> <!-- method2 -->
        <test-method status="PASS" signature="clearInt()[pri:0, instance:com.test.ReverseStringTest@48eff760]" name="clearInt" is-config="true" duration-ms="0" started-at="2016-10-20T09:38:45Z" finished-at="2016-10-20T09:38:45Z">
          <reporter-output>
          </reporter-output>
        </test-method> <!-- clearInt -->
        <test-method status="PASS" signature="getInt()[pri:0, instance:com.test.ReverseStringTest@48eff760]" name="getInt" is-config="true" duration-ms="9193" started-at="2016-10-20T09:38:45Z" finished-at="2016-10-20T09:38:54Z">
          <reporter-output>
          </reporter-output>
        </test-method> <!-- getInt -->
        <test-method status="PASS" signature="method3()[pri:0, instance:com.test.ReverseStringTest@48eff760]" name="method3" duration-ms="3" started-at="2016-10-20T09:38:54Z" finished-at="2016-10-20T09:38:54Z">
          <reporter-output>
          </reporter-output>
        </test-method> <!-- method3 -->
        <test-method status="PASS" signature="clearInt()[pri:0, instance:com.test.ReverseStringTest@48eff760]" name="clearInt" is-config="true" duration-ms="0" started-at="2016-10-20T09:38:54Z" finished-at="2016-10-20T09:38:54Z">
          <reporter-output>
          </reporter-output>
        </test-method> <!-- clearInt -->
        <test-method status="PASS" signature="getInt()[pri:0, instance:com.test.ReverseStringTest@48eff760]" name="getInt" is-config="true" duration-ms="6273" started-at="2016-10-20T09:38:54Z" finished-at="2016-10-20T09:39:00Z">
          <reporter-output>
          </reporter-output>
        </test-method> <!-- getInt -->
        <test-method status="FAIL" signature="method4()[pri:0, instance:com.test.ReverseStringTest@48eff760]" name="method4" duration-ms="2" started-at="2016-10-20T09:39:00Z" finished-at="2016-10-20T09:39:00Z">
          <exception class="java.lang.AssertionError">
            <message>
              <![CDATA[expected:<null> but was:<llun>]]>
            </message>
            <full-stacktrace>
              <![CDATA[java.lang.AssertionError: expected:<null> but was:<llun>
	at org.testng.AssertJUnit.assertEquals(AssertJUnit.java:101)
	at org.testng.AssertJUnit.assertEquals(AssertJUnit.java:108)
	at com.test.ReverseStringTest.method4(ReverseStringTest.java:57)
	at sun.reflect.NativeMethodAccessorImpl.invoke0(Native Method)
	at sun.reflect.NativeMethodAccessorImpl.invoke(NativeMethodAccessorImpl.java:62)
	at sun.reflect.DelegatingMethodAccessorImpl.invoke(DelegatingMethodAccessorImpl.java:43)
	at java.lang.reflect.Method.invoke(Method.java:498)
	at org.testng.internal.MethodInvocationHelper.invokeMethod(MethodInvocationHelper.java:100)
	at org.testng.internal.Invoker.invokeMethod(Invoker.java:646)
	at org.testng.internal.Invoker.invokeTestMethod(Invoker.java:811)
	at org.testng.internal.Invoker.invokeTestMethods(Invoker.java:1137)
	at org.testng.internal.TestMethodWorker.invokeTestMethods(TestMethodWorker.java:129)
	at org.testng.internal.TestMethodWorker.run(TestMethodWorker.java:112)
	at org.testng.TestRunner.privateRun(TestRunner.java:753)
	at org.testng.TestRunner.run(TestRunner.java:607)
	at org.testng.SuiteRunner.runTest(SuiteRunner.java:368)
	at org.testng.SuiteRunner.runSequentially(SuiteRunner.java:363)
	at org.testng.SuiteRunner.privateRun(SuiteRunner.java:321)
	at org.testng.SuiteRunner.run(SuiteRunner.java:270)
	at org.testng.SuiteRunnerWorker.runSuite(SuiteRunnerWorker.java:52)
	at org.testng.SuiteRunnerWorker.run(SuiteRunnerWorker.java:86)
	at org.testng.TestNG.runSuitesSequentially(TestNG.java:1284)
	at org.testng.TestNG.runSuitesLocally(TestNG.java:1209)
	at org.testng.TestNG.runSuites(TestNG.java:1124)
	at org.testng.TestNG.run(TestNG.java:1096)
	at org.testng.remote.AbstractRemoteTestNG.run(AbstractRemoteTestNG.java:132)
	at org.testng.remote.RemoteTestNG.initAndRun(RemoteTestNG.java:236)
	at org.testng.remote.RemoteTestNG.main(RemoteTestNG.java:81)
]]>
            </full-stacktrace>
          </exception> <!-- java.lang.AssertionError -->
          <reporter-output>
          </reporter-output>
        </test-method> <!-- method4 -->
        <test-method status="PASS" signature="clearInt()[pri:0, instance:com.test.ReverseStringTest@48eff760]" name="clearInt" is-config="true" duration-ms="1" started-at="2016-10-20T09:39:00Z" finished-at="2016-10-20T09:39:00Z">
          <reporter-output>
          </reporter-output>
        </test-method> <!-- clearInt -->
      </class> <!-- com.test.ReverseStringTest -->
    </test> <!-- Default test -->
  </suite> <!-- Default suite -->
</testng-results>
